============================= test session starts =============================
platform win32 -- Python 3.13.13, pytest-9.1.1, pluggy-1.6.0
rootdir: C:\Users\easts\applied-ai-system-final
configfile: pytest.ini
testpaths: test
plugins: anyio-4.14.2
collected 26 items

test\test_gemini_client.py .....                                         [ 19%]
test\test_lastfm_client.py .......                                       [ 46%]
test\test_rag.py ........                                                [ 76%]
test\test_recommender.py ......                                          [100%]

============================= 26 passed in 0.11s ==============================
